Using pre-set license
Built from '2020.3/release' branch; Version is '2020.3.7f1 (dd97f2c94397) revision 14522354'; Using compiler version '192528614'; Build Type 'Release'
OS: 'Windows 10 Home; OS build 19042.985; Version 2009; 64bit' Language: 'en' Physical Memory: 16335 MB
BatchMode: 1, IsHumanControllingUs: 0, StartBugReporterOnCrash: 0, Is64bit: 1, IsPro: 0

 COMMAND LINE ARGUMENTS:
E:\___PROGRAMMING\Unity\2020.3.7f1\Editor\Unity.exe
-adb2
-batchMode
-noUpm
-name
AssetImportWorker0
-projectPath
E:/___PROGRAMMING/Unity/Roll-A-Ball
-logFile
Logs/AssetImportWorker0.log
-srvPort
59158
Successfully changed project path to: E:/___PROGRAMMING/Unity/Roll-A-Ball
E:/___PROGRAMMING/Unity/Roll-A-Ball
Using Asset Import Pipeline V2.
Refreshing native plugins compatible for Editor in 214.77 ms, found 0 plugins.
Preloading 0 native plugins for Editor in 0.00 ms.
Initialize engine version: 2020.3.7f1 (dd97f2c94397)
[Subsystems] Discovering subsystems at path E:/___PROGRAMMING/Unity/2020.3.7f1/Editor/Data/Resources/UnitySubsystems
[Subsystems] Discovering subsystems at path E:/___PROGRAMMING/Unity/Roll-A-Ball/Assets
GfxDevice: creating device client; threaded=0
Direct3D:
    Version:  Direct3D 11.0 [level 11.1]
    Renderer: NVIDIA GeForce GTX 1060 6GB (ID=0x1c03)
    Vendor:   
    VRAM:     6052 MB
    Driver:   27.21.14.6627
Initialize mono
Mono path[0] = 'E:/___PROGRAMMING/Unity/2020.3.7f1/Editor/Data/Managed'
Mono path[1] = 'E:/___PROGRAMMING/Unity/2020.3.7f1/Editor/Data/MonoBleedingEdge/lib/mono/unityjit'
Mono config path = 'E:/___PROGRAMMING/Unity/2020.3.7f1/Editor/Data/MonoBleedingEdge/etc'
Using monoOptions --debugger-agent=transport=dt_socket,embedding=1,server=y,suspend=n,address=127.0.0.1:56024
Begin MonoManager ReloadAssembly
Registering precompiled unity dll's ...
Register platform support module: E:/___PROGRAMMING/Unity/2020.3.7f1/Editor/Data/PlaybackEngines/WindowsStandaloneSupport/UnityEditor.WindowsStandalone.Extensions.dll
Registered in 0.001233 seconds.
Native extension for WindowsStandalone target not found
Refreshing native plugins compatible for Editor in 50.49 ms, found 0 plugins.
Preloading 0 native plugins for Editor in 0.00 ms.
Mono: successfully reloaded assembly
- Completed reload, in  1.090 seconds
Platform modules already initialized, skipping
Registering precompiled user dll's ...
Registered in 0.001172 seconds.
Begin MonoManager ReloadAssembly
Native extension for WindowsStandalone target not found
Refreshing native plugins compatible for Editor in 53.43 ms, found 0 plugins.
Preloading 0 native plugins for Editor in 0.00 ms.
Mono: successfully reloaded assembly
- Completed reload, in  1.051 seconds
Platform modules already initialized, skipping
========================================================================
Worker process is ready to serve import requests
Shader 'Universal Render Pipeline/Particles/Lit': fallback shader 'Universal Render Pipeline/Particles/SimpleLit' not found
Shader 'Universal Render Pipeline/Particles/Lit': fallback shader 'Universal Render Pipeline/Particles/SimpleLit' not found
Launched and connected shader compiler UnityShaderCompiler.exe after 0.06 seconds
Refreshing native plugins compatible for Editor in 0.52 ms, found 0 plugins.
Preloading 0 native plugins for Editor in 0.00 ms.
Unloading 2421 Unused Serialized files (Serialized files now loaded: 0)
System memory in use before: 113.5 MB.
System memory in use after: 110.7 MB.

Unloading 45 unused Assets to reduce memory usage. Loaded Objects now: 2827.
Total: 6.123200 ms (FindLiveObjects: 0.828100 ms CreateObjectMapping: 0.777400 ms MarkObjects: 2.880700 ms  DeleteObjects: 1.634100 ms)

========================================================================
Received Import Request.
  path: Assets/Readme.asset
  artifactKey: Guid(83c2ed844a8c74b779a4c823d16594b1) Importer(815301076,1909f56bfc062723c751e8b465ee728b)
Start importing Assets/Readme.asset using Guid(83c2ed844a8c74b779a4c823d16594b1) Importer(815301076,1909f56bfc062723c751e8b465ee728b)  -> (artifact id: '3aff1826c53af3bcd151b6e563e2a65a') in 0.057270 seconds
  Import took 0.699012 seconds .

========================================================================
Received Import Request.
  Time since last request: 99.711437 seconds.
  path: Assets
  artifactKey: Guid(00000000000000001000000000000000) Importer(815301076,1909f56bfc062723c751e8b465ee728b)
Start importing Assets using Guid(00000000000000001000000000000000) Importer(815301076,1909f56bfc062723c751e8b465ee728b)  -> (artifact id: '5f6a1853b736837ecfb0820a881449cb') in 0.007730 seconds
  Import took 0.130962 seconds .

========================================================================
Received Import Request.
  Time since last request: 4.823273 seconds.
  path: Assets/Template
  artifactKey: Guid(1447e1b5ab9a7b04ea8544a27bc1509a) Importer(815301076,1909f56bfc062723c751e8b465ee728b)
Start importing Assets/Template using Guid(1447e1b5ab9a7b04ea8544a27bc1509a) Importer(815301076,1909f56bfc062723c751e8b465ee728b)  -> (artifact id: 'c20c74e81013957ff80be6c20f676c1f') in 0.007248 seconds
  Import took 0.010846 seconds .

========================================================================
Received Import Request.
  Time since last request: 1.802917 seconds.
  path: Assets/TutorialInfo
  artifactKey: Guid(49110bb8dcada46328ad741970bce702) Importer(815301076,1909f56bfc062723c751e8b465ee728b)
Start importing Assets/TutorialInfo using Guid(49110bb8dcada46328ad741970bce702) Importer(815301076,1909f56bfc062723c751e8b465ee728b)  -> (artifact id: '712a21f54ccb25669b0fec5d85910b02') in 0.006985 seconds
  Import took 0.010592 seconds .

========================================================================
Received Import Request.
  Time since last request: 0.726236 seconds.
  path: Assets/ExampleAssets
  artifactKey: Guid(990f5c2df70993f4987a388ca178996a) Importer(815301076,1909f56bfc062723c751e8b465ee728b)
Start importing Assets/ExampleAssets using Guid(990f5c2df70993f4987a388ca178996a) Importer(815301076,1909f56bfc062723c751e8b465ee728b)  -> (artifact id: 'e8b9ef88877bb8efbcd781a0be3ed712') in 0.007555 seconds
  Import took 0.011089 seconds .

========================================================================
Received Import Request.
  Time since last request: 0.000387 seconds.
  path: Assets/ExampleAssets
  artifactKey: Guid(990f5c2df70993f4987a388ca178996a) Importer(815301076,1909f56bfc062723c751e8b465ee728b)
Start importing Assets/ExampleAssets using Guid(990f5c2df70993f4987a388ca178996a) Importer(815301076,1909f56bfc062723c751e8b465ee728b)  -> (artifact id: 'e8b9ef88877bb8efbcd781a0be3ed712') in 0.002145 seconds
  Import took 0.005765 seconds .

========================================================================
Received Prepare
Registering precompiled user dll's ...
Registered in 0.001372 seconds.
Begin MonoManager ReloadAssembly
Native extension for WindowsStandalone target not found
Refreshing native plugins compatible for Editor in 0.42 ms, found 0 plugins.
Preloading 0 native plugins for Editor in 0.00 ms.
Mono: successfully reloaded assembly
- Completed reload, in  0.968 seconds
Platform modules already initialized, skipping
Shader 'Universal Render Pipeline/Particles/Lit': fallback shader 'Universal Render Pipeline/Particles/SimpleLit' not found
Shader 'Universal Render Pipeline/Particles/Lit': fallback shader 'Universal Render Pipeline/Particles/SimpleLit' not found
Refreshing native plugins compatible for Editor in 0.49 ms, found 0 plugins.
Preloading 0 native plugins for Editor in 0.00 ms.
Unloading 2346 Unused Serialized files (Serialized files now loaded: 0)
System memory in use before: 109.9 MB.
System memory in use after: 107.2 MB.

Unloading 40 unused Assets to reduce memory usage. Loaded Objects now: 2830.
Total: 3.819300 ms (FindLiveObjects: 0.385000 ms CreateObjectMapping: 0.092300 ms MarkObjects: 1.864700 ms  DeleteObjects: 1.475400 ms)

========================================================================
Received Import Request.
  Time since last request: 87.049231 seconds.
  path: Assets/Scenes
  artifactKey: Guid(3ca708e0cb1946540a60ba5da4588f16) Importer(815301076,1909f56bfc062723c751e8b465ee728b)
Start importing Assets/Scenes using Guid(3ca708e0cb1946540a60ba5da4588f16) Importer(815301076,1909f56bfc062723c751e8b465ee728b)  -> (artifact id: 'd18d2578d6008fb295c0761244bbb06c') in 0.009624 seconds
  Import took 0.067675 seconds .

========================================================================
Received Import Request.
  Time since last request: 478.630554 seconds.
  path: Assets/Materials
  artifactKey: Guid(0ca4399562d8b574d8e1c978b791187b) Importer(815301076,1909f56bfc062723c751e8b465ee728b)
Start importing Assets/Materials using Guid(0ca4399562d8b574d8e1c978b791187b) Importer(815301076,1909f56bfc062723c751e8b465ee728b)  -> (artifact id: '84cc52bc86cefd9f9c2679d4827bcd0a') in 0.007996 seconds
  Import took 0.011716 seconds .

========================================================================
Received Import Request.
  Time since last request: 32.083252 seconds.
  path: Assets/Materials/New Material.mat
  artifactKey: Guid(0756dcbdb5fe13645b7162eea1993cee) Importer(815301076,1909f56bfc062723c751e8b465ee728b)
Start importing Assets/Materials/New Material.mat using Guid(0756dcbdb5fe13645b7162eea1993cee) Importer(815301076,1909f56bfc062723c751e8b465ee728b)  -> (artifact id: '7315e34057b3f508ea306562ef35431d') in 0.265441 seconds
  Import took 0.269350 seconds .

========================================================================
Received Import Request.
  Time since last request: 11.707033 seconds.
  path: Assets/Materials/Background.mat
  artifactKey: Guid(0756dcbdb5fe13645b7162eea1993cee) Importer(815301076,1909f56bfc062723c751e8b465ee728b)
Start importing Assets/Materials/Background.mat using Guid(0756dcbdb5fe13645b7162eea1993cee) Importer(815301076,1909f56bfc062723c751e8b465ee728b)  -> (artifact id: '47fa98fd208c476f1b23bde292e784b1') in 0.014244 seconds
  Import took 0.017971 seconds .

========================================================================
Received Import Request.
  Time since last request: 93.882103 seconds.
  path: Assets/Materials/Background.mat
  artifactKey: Guid(0756dcbdb5fe13645b7162eea1993cee) Importer(815301076,1909f56bfc062723c751e8b465ee728b)
Start importing Assets/Materials/Background.mat using Guid(0756dcbdb5fe13645b7162eea1993cee) Importer(815301076,1909f56bfc062723c751e8b465ee728b)  -> (artifact id: 'fe8ae85c3239e4600021d0ba8323842a') in 0.014892 seconds
  Import took 0.019296 seconds .

========================================================================
Received Import Request.
  Time since last request: 0.000222 seconds.
  path: Assets/Materials/Player.mat
  artifactKey: Guid(90849a324a92bd746a578bb5faeba462) Importer(815301076,1909f56bfc062723c751e8b465ee728b)
Start importing Assets/Materials/Player.mat using Guid(90849a324a92bd746a578bb5faeba462) Importer(815301076,1909f56bfc062723c751e8b465ee728b)  -> (artifact id: 'be67aa499ef1166c02159475dff92204') in 0.015890 seconds
  Import took 0.041024 seconds .

========================================================================
Received Import Request.
  Time since last request: 93.579071 seconds.
  path: Assets/Materials/Player.mat
  artifactKey: Guid(90849a324a92bd746a578bb5faeba462) Importer(815301076,1909f56bfc062723c751e8b465ee728b)
Start importing Assets/Materials/Player.mat using Guid(90849a324a92bd746a578bb5faeba462) Importer(815301076,1909f56bfc062723c751e8b465ee728b)  -> (artifact id: 'a7920477d08b2e6b470069a136e0ed69') in 0.014288 seconds
  Import took 0.018131 seconds .

========================================================================
Received Prepare
Registering precompiled user dll's ...
Registered in 0.001159 seconds.
Begin MonoManager ReloadAssembly
Native extension for WindowsStandalone target not found
Refreshing native plugins compatible for Editor in 50.03 ms, found 0 plugins.
Preloading 0 native plugins for Editor in 0.00 ms.
Mono: successfully reloaded assembly
- Completed reload, in  0.850 seconds
Platform modules already initialized, skipping
Shader 'Universal Render Pipeline/Particles/Lit': fallback shader 'Universal Render Pipeline/Particles/SimpleLit' not found
Shader 'Universal Render Pipeline/Particles/Lit': fallback shader 'Universal Render Pipeline/Particles/SimpleLit' not found
Refreshing native plugins compatible for Editor in 0.60 ms, found 0 plugins.
Preloading 0 native plugins for Editor in 0.00 ms.
Unloading 2642 Unused Serialized files (Serialized files now loaded: 0)
System memory in use before: 124.5 MB.
System memory in use after: 120.8 MB.

Unloading 100 unused Assets to reduce memory usage. Loaded Objects now: 3144.
Total: 4.337300 ms (FindLiveObjects: 0.320100 ms CreateObjectMapping: 0.074000 ms MarkObjects: 1.589900 ms  DeleteObjects: 2.351400 ms)

AssetImportParameters requested are different than current active one (requested -> active):
  custom:srp/default-shader: 0000e00a000e0de00000e000e0000000 -> 00a0da0d000000000000000000000000
AssetImportWorkerClient::OnTransportError - code=2 error=End of file
